{"D:\\BOOTCAMP\\PLATINUM\\Bingle-Shop\\config\\auth.js": {"path":"D:\\BOOTCAMP\\PLATINUM\\Bingle-Shop\\config\\auth.js","statementMap":{"0":{"start":{"line":1,"column":0},"end":{"line":3,"column":1}}},"fnMap":{},"branchMap":{},"s":{"0":1},"f":{},"b":{},"_coverageSchema":"1a1c01bbd47fc00a2c39e90264f33305004495a9","hash":"eaf97d1cc86ed7ea124718f2775f766f5e2a7a70"}
,"D:\\BOOTCAMP\\PLATINUM\\Bingle-Shop\\config\\config.js": {"path":"D:\\BOOTCAMP\\PLATINUM\\Bingle-Shop\\config\\config.js","statementMap":{"0":{"start":{"line":1,"column":22},"end":{"line":1,"column":42}},"1":{"start":{"line":2,"column":11},"end":{"line":2,"column":32}},"2":{"start":{"line":3,"column":11},"end":{"line":3,"column":24}},"3":{"start":{"line":5,"column":18},"end":{"line":13,"column":2}},"4":{"start":{"line":15,"column":0},"end":{"line":15,"column":26}}},"fnMap":{},"branchMap":{},"s":{"0":1,"1":1,"2":1,"3":1,"4":1},"f":{},"b":{},"_coverageSchema":"1a1c01bbd47fc00a2c39e90264f33305004495a9","hash":"506346e6eb257c0f469590f61daa7024ff60fe5a"}
,"D:\\BOOTCAMP\\PLATINUM\\Bingle-Shop\\config\\database.js": {"path":"D:\\BOOTCAMP\\PLATINUM\\Bingle-Shop\\config\\database.js","statementMap":{"0":{"start":{"line":1,"column":15},"end":{"line":1,"column":32}},"1":{"start":{"line":3,"column":0},"end":{"line":3,"column":29}},"2":{"start":{"line":5,"column":0},"end":{"line":14,"column":1}}},"fnMap":{},"branchMap":{},"s":{"0":1,"1":1,"2":1},"f":{},"b":{},"_coverageSchema":"1a1c01bbd47fc00a2c39e90264f33305004495a9","hash":"a91bdf2260a1ab0f192ea57c052ceb512668e36a"}
,"D:\\BOOTCAMP\\PLATINUM\\Bingle-Shop\\controller\\user.controller.js": {"path":"D:\\BOOTCAMP\\PLATINUM\\Bingle-Shop\\controller\\user.controller.js","statementMap":{"0":{"start":{"line":1,"column":15},"end":{"line":1,"column":40}},"1":{"start":{"line":2,"column":17},"end":{"line":2,"column":40}},"2":{"start":{"line":3,"column":15},"end":{"line":3,"column":32}},"3":{"start":{"line":4,"column":12},"end":{"line":4,"column":35}},"4":{"start":{"line":5,"column":20},"end":{"line":5,"column":60}},"5":{"start":{"line":6,"column":17},"end":{"line":6,"column":60}},"6":{"start":{"line":12,"column":8},"end":{"line":30,"column":9}},"7":{"start":{"line":14,"column":32},"end":{"line":21,"column":14}},"8":{"start":{"line":23,"column":16},"end":{"line":25,"column":17}},"9":{"start":{"line":24,"column":20},"end":{"line":24,"column":68}},"10":{"start":{"line":26,"column":16},"end":{"line":26,"column":73}},"11":{"start":{"line":29,"column":12},"end":{"line":29,"column":23}},"12":{"start":{"line":35,"column":8},"end":{"line":53,"column":9}},"13":{"start":{"line":37,"column":32},"end":{"line":44,"column":14}},"14":{"start":{"line":46,"column":16},"end":{"line":48,"column":17}},"15":{"start":{"line":47,"column":20},"end":{"line":47,"column":68}},"16":{"start":{"line":49,"column":16},"end":{"line":49,"column":73}},"17":{"start":{"line":52,"column":12},"end":{"line":52,"column":23}},"18":{"start":{"line":58,"column":8},"end":{"line":76,"column":9}},"19":{"start":{"line":60,"column":32},"end":{"line":67,"column":14}},"20":{"start":{"line":69,"column":16},"end":{"line":71,"column":17}},"21":{"start":{"line":70,"column":20},"end":{"line":70,"column":68}},"22":{"start":{"line":72,"column":16},"end":{"line":72,"column":73}},"23":{"start":{"line":75,"column":12},"end":{"line":75,"column":23}},"24":{"start":{"line":81,"column":8},"end":{"line":106,"column":9}},"25":{"start":{"line":82,"column":29},"end":{"line":86,"column":14}},"26":{"start":{"line":87,"column":12},"end":{"line":89,"column":13}},"27":{"start":{"line":88,"column":16},"end":{"line":88,"column":61}},"28":{"start":{"line":91,"column":34},"end":{"line":91,"column":90}},"29":{"start":{"line":93,"column":12},"end":{"line":95,"column":13}},"30":{"start":{"line":94,"column":16},"end":{"line":94,"column":62}},"31":{"start":{"line":97,"column":24},"end":{"line":99,"column":14}},"32":{"start":{"line":101,"column":12},"end":{"line":101,"column":49}},"33":{"start":{"line":105,"column":12},"end":{"line":105,"column":23}},"34":{"start":{"line":111,"column":8},"end":{"line":126,"column":9}},"35":{"start":{"line":113,"column":12},"end":{"line":113,"column":35}},"36":{"start":{"line":114,"column":32},"end":{"line":117,"column":14}},"37":{"start":{"line":119,"column":12},"end":{"line":121,"column":13}},"38":{"start":{"line":120,"column":16},"end":{"line":120,"column":60}},"39":{"start":{"line":122,"column":12},"end":{"line":122,"column":54}},"40":{"start":{"line":125,"column":12},"end":{"line":125,"column":24}},"41":{"start":{"line":130,"column":0},"end":{"line":132,"column":1}}},"fnMap":{"0":{"name":"(anonymous_0)","decl":{"start":{"line":10,"column":4},"end":{"line":10,"column":5}},"loc":{"start":{"line":10,"column":40},"end":{"line":31,"column":5}},"line":10},"1":{"name":"(anonymous_1)","decl":{"start":{"line":33,"column":4},"end":{"line":33,"column":5}},"loc":{"start":{"line":33,"column":42},"end":{"line":54,"column":5}},"line":33},"2":{"name":"(anonymous_2)","decl":{"start":{"line":56,"column":4},"end":{"line":56,"column":5}},"loc":{"start":{"line":56,"column":41},"end":{"line":77,"column":5}},"line":56},"3":{"name":"(anonymous_3)","decl":{"start":{"line":79,"column":4},"end":{"line":79,"column":5}},"loc":{"start":{"line":79,"column":37},"end":{"line":108,"column":5}},"line":79},"4":{"name":"(anonymous_4)","decl":{"start":{"line":110,"column":4},"end":{"line":110,"column":5}},"loc":{"start":{"line":110,"column":38},"end":{"line":127,"column":5}},"line":110}},"branchMap":{"0":{"loc":{"start":{"line":23,"column":16},"end":{"line":25,"column":17}},"type":"if","locations":[{"start":{"line":23,"column":16},"end":{"line":25,"column":17}},{"start":{},"end":{}}],"line":23},"1":{"loc":{"start":{"line":46,"column":16},"end":{"line":48,"column":17}},"type":"if","locations":[{"start":{"line":46,"column":16},"end":{"line":48,"column":17}},{"start":{},"end":{}}],"line":46},"2":{"loc":{"start":{"line":69,"column":16},"end":{"line":71,"column":17}},"type":"if","locations":[{"start":{"line":69,"column":16},"end":{"line":71,"column":17}},{"start":{},"end":{}}],"line":69},"3":{"loc":{"start":{"line":87,"column":12},"end":{"line":89,"column":13}},"type":"if","locations":[{"start":{"line":87,"column":12},"end":{"line":89,"column":13}},{"start":{},"end":{}}],"line":87},"4":{"loc":{"start":{"line":93,"column":12},"end":{"line":95,"column":13}},"type":"if","locations":[{"start":{"line":93,"column":12},"end":{"line":95,"column":13}},{"start":{},"end":{}}],"line":93},"5":{"loc":{"start":{"line":119,"column":12},"end":{"line":121,"column":13}},"type":"if","locations":[{"start":{"line":119,"column":12},"end":{"line":121,"column":13}},{"start":{},"end":{}}],"line":119}},"s":{"0":1,"1":1,"2":1,"3":1,"4":1,"5":1,"6":2,"7":2,"8":0,"9":0,"10":0,"11":2,"12":0,"13":0,"14":0,"15":0,"16":0,"17":0,"18":0,"19":0,"20":0,"21":0,"22":0,"23":0,"24":0,"25":0,"26":0,"27":0,"28":0,"29":0,"30":0,"31":0,"32":0,"33":0,"34":0,"35":0,"36":0,"37":0,"38":0,"39":0,"40":0,"41":1},"f":{"0":2,"1":0,"2":0,"3":0,"4":0},"b":{"0":[0,0],"1":[0,0],"2":[0,0],"3":[0,0],"4":[0,0],"5":[0,0]},"_coverageSchema":"1a1c01bbd47fc00a2c39e90264f33305004495a9","hash":"d5ec4326b49d500031d6c437b4aff1d4bdccec58"}
,"D:\\BOOTCAMP\\PLATINUM\\Bingle-Shop\\db\\models\\carts.model.js": {"path":"D:\\BOOTCAMP\\PLATINUM\\Bingle-Shop\\db\\models\\carts.model.js","statementMap":{"0":{"start":{"line":1,"column":29},"end":{"line":1,"column":49}},"1":{"start":{"line":2,"column":18},"end":{"line":2,"column":51}},"2":{"start":{"line":7,"column":0},"end":{"line":33,"column":1}},"3":{"start":{"line":35,"column":0},"end":{"line":35,"column":21}}},"fnMap":{},"branchMap":{},"s":{"0":1,"1":1,"2":1,"3":1},"f":{},"b":{},"_coverageSchema":"1a1c01bbd47fc00a2c39e90264f33305004495a9","hash":"3e489c89b384f8d8c7580be424c711331319edd6"}
,"D:\\BOOTCAMP\\PLATINUM\\Bingle-Shop\\db\\models\\category.model.js": {"path":"D:\\BOOTCAMP\\PLATINUM\\Bingle-Shop\\db\\models\\category.model.js","statementMap":{"0":{"start":{"line":1,"column":29},"end":{"line":1,"column":49}},"1":{"start":{"line":2,"column":18},"end":{"line":2,"column":51}},"2":{"start":{"line":7,"column":0},"end":{"line":28,"column":1}},"3":{"start":{"line":30,"column":0},"end":{"line":30,"column":25}}},"fnMap":{},"branchMap":{},"s":{"0":1,"1":1,"2":1,"3":1},"f":{},"b":{},"_coverageSchema":"1a1c01bbd47fc00a2c39e90264f33305004495a9","hash":"ddeef562a12b2801ec2d4fd17b8d4920770c207c"}
,"D:\\BOOTCAMP\\PLATINUM\\Bingle-Shop\\db\\models\\images.model.js": {"path":"D:\\BOOTCAMP\\PLATINUM\\Bingle-Shop\\db\\models\\images.model.js","statementMap":{"0":{"start":{"line":1,"column":29},"end":{"line":1,"column":49}},"1":{"start":{"line":2,"column":18},"end":{"line":2,"column":51}},"2":{"start":{"line":7,"column":0},"end":{"line":33,"column":1}},"3":{"start":{"line":35,"column":0},"end":{"line":35,"column":22}}},"fnMap":{},"branchMap":{},"s":{"0":1,"1":1,"2":1,"3":1},"f":{},"b":{},"_coverageSchema":"1a1c01bbd47fc00a2c39e90264f33305004495a9","hash":"982adc23be8743050ab20778ab5ba3d5e6f4b82b"}
,"D:\\BOOTCAMP\\PLATINUM\\Bingle-Shop\\db\\models\\index.js": {"path":"D:\\BOOTCAMP\\PLATINUM\\Bingle-Shop\\db\\models\\index.js","statementMap":{"0":{"start":{"line":1,"column":13},"end":{"line":1,"column":37}},"1":{"start":{"line":2,"column":13},"end":{"line":2,"column":37}},"2":{"start":{"line":3,"column":13},"end":{"line":3,"column":37}},"3":{"start":{"line":4,"column":17},"end":{"line":4,"column":44}},"4":{"start":{"line":5,"column":14},"end":{"line":5,"column":39}},"5":{"start":{"line":6,"column":14},"end":{"line":6,"column":39}},"6":{"start":{"line":7,"column":18},"end":{"line":7,"column":46}},"7":{"start":{"line":8,"column":18},"end":{"line":8,"column":38}},"8":{"start":{"line":11,"column":0},"end":{"line":13,"column":2}},"9":{"start":{"line":15,"column":0},"end":{"line":17,"column":2}},"10":{"start":{"line":20,"column":0},"end":{"line":22,"column":2}},"11":{"start":{"line":24,"column":0},"end":{"line":26,"column":2}},"12":{"start":{"line":28,"column":0},"end":{"line":30,"column":2}},"13":{"start":{"line":31,"column":0},"end":{"line":33,"column":2}},"14":{"start":{"line":34,"column":0},"end":{"line":36,"column":2}},"15":{"start":{"line":38,"column":0},"end":{"line":40,"column":2}},"16":{"start":{"line":42,"column":0},"end":{"line":44,"column":2}},"17":{"start":{"line":46,"column":0},"end":{"line":48,"column":2}},"18":{"start":{"line":50,"column":0},"end":{"line":52,"column":2}},"19":{"start":{"line":61,"column":0},"end":{"line":70,"column":1}}},"fnMap":{},"branchMap":{},"s":{"0":1,"1":1,"2":1,"3":1,"4":1,"5":1,"6":1,"7":1,"8":1,"9":1,"10":1,"11":1,"12":1,"13":1,"14":1,"15":1,"16":1,"17":1,"18":1,"19":1},"f":{},"b":{},"_coverageSchema":"1a1c01bbd47fc00a2c39e90264f33305004495a9","hash":"a6582ebb9576004781dbbd5f4a8727d9942f7557"}
,"D:\\BOOTCAMP\\PLATINUM\\Bingle-Shop\\db\\models\\item_cart.model.js": {"path":"D:\\BOOTCAMP\\PLATINUM\\Bingle-Shop\\db\\models\\item_cart.model.js","statementMap":{"0":{"start":{"line":1,"column":29},"end":{"line":1,"column":49}},"1":{"start":{"line":2,"column":18},"end":{"line":2,"column":51}},"2":{"start":{"line":7,"column":0},"end":{"line":46,"column":1}},"3":{"start":{"line":48,"column":0},"end":{"line":48,"column":26}}},"fnMap":{},"branchMap":{},"s":{"0":1,"1":1,"2":1,"3":1},"f":{},"b":{},"_coverageSchema":"1a1c01bbd47fc00a2c39e90264f33305004495a9","hash":"4c62bc8b31c2eb562c5ba31dc4038d1ea4014d30"}
,"D:\\BOOTCAMP\\PLATINUM\\Bingle-Shop\\db\\models\\items.model.js": {"path":"D:\\BOOTCAMP\\PLATINUM\\Bingle-Shop\\db\\models\\items.model.js","statementMap":{"0":{"start":{"line":1,"column":29},"end":{"line":1,"column":49}},"1":{"start":{"line":2,"column":18},"end":{"line":2,"column":51}},"2":{"start":{"line":7,"column":0},"end":{"line":46,"column":1}},"3":{"start":{"line":48,"column":0},"end":{"line":48,"column":21}}},"fnMap":{},"branchMap":{},"s":{"0":1,"1":1,"2":1,"3":1},"f":{},"b":{},"_coverageSchema":"1a1c01bbd47fc00a2c39e90264f33305004495a9","hash":"0a54b01e5000a6ed5be03bd0b4ded25d19102e99"}
,"D:\\BOOTCAMP\\PLATINUM\\Bingle-Shop\\db\\models\\orders.model.js": {"path":"D:\\BOOTCAMP\\PLATINUM\\Bingle-Shop\\db\\models\\orders.model.js","statementMap":{"0":{"start":{"line":1,"column":29},"end":{"line":1,"column":49}},"1":{"start":{"line":2,"column":18},"end":{"line":2,"column":51}},"2":{"start":{"line":7,"column":0},"end":{"line":42,"column":1}},"3":{"start":{"line":44,"column":0},"end":{"line":44,"column":22}}},"fnMap":{},"branchMap":{},"s":{"0":1,"1":1,"2":1,"3":1},"f":{},"b":{},"_coverageSchema":"1a1c01bbd47fc00a2c39e90264f33305004495a9","hash":"045a502685c17b0adbfeb13cdbe8071ee9c4c6dc"}
,"D:\\BOOTCAMP\\PLATINUM\\Bingle-Shop\\db\\models\\users.model.js": {"path":"D:\\BOOTCAMP\\PLATINUM\\Bingle-Shop\\db\\models\\users.model.js","statementMap":{"0":{"start":{"line":2,"column":29},"end":{"line":2,"column":49}},"1":{"start":{"line":3,"column":18},"end":{"line":3,"column":51}},"2":{"start":{"line":8,"column":0},"end":{"line":50,"column":1}},"3":{"start":{"line":53,"column":0},"end":{"line":53,"column":21}}},"fnMap":{},"branchMap":{},"s":{"0":1,"1":1,"2":1,"3":1},"f":{},"b":{},"_coverageSchema":"1a1c01bbd47fc00a2c39e90264f33305004495a9","hash":"663213857a60666be646ab35bf0c06576c05218b"}
,"D:\\BOOTCAMP\\PLATINUM\\Bingle-Shop\\respon-helper\\error.helper.js": {"path":"D:\\BOOTCAMP\\PLATINUM\\Bingle-Shop\\respon-helper\\error.helper.js","statementMap":{"0":{"start":{"line":3,"column":8},"end":{"line":3,"column":28}},"1":{"start":{"line":4,"column":8},"end":{"line":4,"column":26}},"2":{"start":{"line":8,"column":0},"end":{"line":8,"column":30}}},"fnMap":{"0":{"name":"(anonymous_0)","decl":{"start":{"line":2,"column":4},"end":{"line":2,"column":5}},"loc":{"start":{"line":2,"column":31},"end":{"line":5,"column":5}},"line":2}},"branchMap":{},"s":{"0":0,"1":0,"2":1},"f":{"0":0},"b":{},"_coverageSchema":"1a1c01bbd47fc00a2c39e90264f33305004495a9","hash":"2b913f082e198ab0cfdf4b4e8692f3edfadb71af"}
,"D:\\BOOTCAMP\\PLATINUM\\Bingle-Shop\\respon-helper\\response.helper.js": {"path":"D:\\BOOTCAMP\\PLATINUM\\Bingle-Shop\\respon-helper\\response.helper.js","statementMap":{"0":{"start":{"line":3,"column":8},"end":{"line":7,"column":10}},"1":{"start":{"line":11,"column":0},"end":{"line":11,"column":25}}},"fnMap":{"0":{"name":"(anonymous_0)","decl":{"start":{"line":2,"column":4},"end":{"line":2,"column":5}},"loc":{"start":{"line":2,"column":35},"end":{"line":8,"column":5}},"line":2}},"branchMap":{},"s":{"0":0,"1":1},"f":{"0":0},"b":{},"_coverageSchema":"1a1c01bbd47fc00a2c39e90264f33305004495a9","hash":"3f124958dbfa8aeb38706f2352297a4b8836e731"}
}
