TN:
SF:config\auth.js
FNF:0
FNH:0
DA:1,1
LF:1
LH:1
BRF:0
BRH:0
end_of_record
TN:
SF:config\config.js
FNF:0
FNH:0
DA:1,1
DA:2,1
DA:3,1
DA:5,1
DA:15,1
LF:5
LH:5
BRF:0
BRH:0
end_of_record
TN:
SF:config\database.js
FNF:0
FNH:0
DA:1,1
DA:3,1
DA:5,1
LF:3
LH:3
BRF:0
BRH:0
end_of_record
TN:
SF:controller\user.controller.js
FN:10,(anonymous_0)
FN:33,(anonymous_1)
FN:56,(anonymous_2)
FN:79,(anonymous_3)
FN:110,(anonymous_4)
FNF:5
FNH:1
FNDA:2,(anonymous_0)
FNDA:0,(anonymous_1)
FNDA:0,(anonymous_2)
FNDA:0,(anonymous_3)
FNDA:0,(anonymous_4)
DA:1,1
DA:2,1
DA:3,1
DA:4,1
DA:5,1
DA:6,1
DA:12,2
DA:14,2
DA:23,0
DA:24,0
DA:26,0
DA:29,2
DA:35,0
DA:37,0
DA:46,0
DA:47,0
DA:49,0
DA:52,0
DA:58,0
DA:60,0
DA:69,0
DA:70,0
DA:72,0
DA:75,0
DA:81,0
DA:82,0
DA:87,0
DA:88,0
DA:91,0
DA:93,0
DA:94,0
DA:97,0
DA:101,0
DA:105,0
DA:111,0
DA:113,0
DA:114,0
DA:119,0
DA:120,0
DA:122,0
DA:125,0
DA:130,1
LF:42
LH:10
BRDA:23,0,0,0
BRDA:23,0,1,0
BRDA:46,1,0,0
BRDA:46,1,1,0
BRDA:69,2,0,0
BRDA:69,2,1,0
BRDA:87,3,0,0
BRDA:87,3,1,0
BRDA:93,4,0,0
BRDA:93,4,1,0
BRDA:119,5,0,0
BRDA:119,5,1,0
BRF:12
BRH:0
end_of_record
TN:
SF:db\models\carts.model.js
FNF:0
FNH:0
DA:1,1
DA:2,1
DA:7,1
DA:35,1
LF:4
LH:4
BRF:0
BRH:0
end_of_record
TN:
SF:db\models\category.model.js
FNF:0
FNH:0
DA:1,1
DA:2,1
DA:7,1
DA:30,1
LF:4
LH:4
BRF:0
BRH:0
end_of_record
TN:
SF:db\models\images.model.js
FNF:0
FNH:0
DA:1,1
DA:2,1
DA:7,1
DA:35,1
LF:4
LH:4
BRF:0
BRH:0
end_of_record
TN:
SF:db\models\index.js
FNF:0
FNH:0
DA:1,1
DA:2,1
DA:3,1
DA:4,1
DA:5,1
DA:6,1
DA:7,1
DA:8,1
DA:11,1
DA:15,1
DA:20,1
DA:24,1
DA:28,1
DA:31,1
DA:34,1
DA:38,1
DA:42,1
DA:46,1
DA:50,1
DA:61,1
LF:20
LH:20
BRF:0
BRH:0
end_of_record
TN:
SF:db\models\item_cart.model.js
FNF:0
FNH:0
DA:1,1
DA:2,1
DA:7,1
DA:48,1
LF:4
LH:4
BRF:0
BRH:0
end_of_record
TN:
SF:db\models\items.model.js
FNF:0
FNH:0
DA:1,1
DA:2,1
DA:7,1
DA:48,1
LF:4
LH:4
BRF:0
BRH:0
end_of_record
TN:
SF:db\models\orders.model.js
FNF:0
FNH:0
DA:1,1
DA:2,1
DA:7,1
DA:44,1
LF:4
LH:4
BRF:0
BRH:0
end_of_record
TN:
SF:db\models\users.model.js
FNF:0
FNH:0
DA:2,1
DA:3,1
DA:8,1
DA:53,1
LF:4
LH:4
BRF:0
BRH:0
end_of_record
TN:
SF:respon-helper\error.helper.js
FN:2,(anonymous_0)
FNF:1
FNH:0
FNDA:0,(anonymous_0)
DA:3,0
DA:4,0
DA:8,1
LF:3
LH:1
BRF:0
BRH:0
end_of_record
TN:
SF:respon-helper\response.helper.js
FN:2,(anonymous_0)
FNF:1
FNH:0
FNDA:0,(anonymous_0)
DA:3,0
DA:11,1
LF:2
LH:1
BRF:0
BRH:0
end_of_record
